Sun Apr 15 2018 16:00:37 GMT+0600 (+06): GET /
Sun Apr 15 2018 16:00:39 GMT+0600 (+06): GET /
Sun Apr 15 2018 16:00:40 GMT+0600 (+06): GET /about
Sun Apr 15 2018 16:11:54 GMT+0600 (+06): GET /about
Sun Apr 15 2018 16:11:58 GMT+0600 (+06): GET /
Sun Apr 15 2018 16:13:47 GMT+0600 (+06): GET /
Sun Apr 15 2018 16:14:06 GMT+0600 (+06): GET /
Sun Apr 15 2018 16:14:08 GMT+0600 (+06): GET /
Sun Apr 15 2018 16:14:10 GMT+0600 (+06): GET /
Sun Apr 15 2018 16:14:11 GMT+0600 (+06): GET /maintaince
Sun Apr 15 2018 16:14:13 GMT+0600 (+06): GET /
Sun Apr 15 2018 16:14:15 GMT+0600 (+06): GET /maintaince
Sun Apr 15 2018 16:14:25 GMT+0600 (+06): GET /
Sun Apr 15 2018 16:14:34 GMT+0600 (+06): GET /
Sun Apr 15 2018 16:15:24 GMT+0600 (+06): GET /maintaince
Sun Apr 15 2018 16:15:35 GMT+0600 (+06): GET /maintaince
Sun Apr 15 2018 16:15:37 GMT+0600 (+06): GET /maintaince
Sun Apr 15 2018 16:15:44 GMT+0600 (+06): GET /
Sun Apr 15 2018 16:15:46 GMT+0600 (+06): GET /maintaince
Sun Apr 15 2018 16:16:27 GMT+0600 (+06): GET /maintaince
Sun Apr 15 2018 16:16:43 GMT+0600 (+06): GET /maintaince
Sun Apr 15 2018 16:16:45 GMT+0600 (+06): GET /maintaince
Sun Apr 15 2018 16:17:02 GMT+0600 (+06): GET /maintaince
Sun Apr 15 2018 16:18:15 GMT+0600 (+06): GET /maintaince
Sun Apr 15 2018 16:18:17 GMT+0600 (+06): GET /
Sun Apr 15 2018 16:18:17 GMT+0600 (+06): GET /about
Sun Apr 15 2018 16:18:18 GMT+0600 (+06): GET /maintaince
Sun Apr 15 2018 16:18:19 GMT+0600 (+06): GET /
Sun Apr 15 2018 16:18:20 GMT+0600 (+06): GET /about
Sun Apr 15 2018 16:18:20 GMT+0600 (+06): GET /maintaince
Sun Apr 15 2018 16:18:22 GMT+0600 (+06): GET /
Sun Apr 15 2018 16:23:40 GMT+0600 (+06): GET /maintaince
Sun Apr 15 2018 16:28:45 GMT+0600 (+06): GET /
Sun Apr 15 2018 16:28:48 GMT+0600 (+06): GET /robots.txt
Sun Apr 15 2018 16:28:48 GMT+0600 (+06): GET /
Sun Apr 15 2018 16:32:39 GMT+0600 (+06): GET /
Sun Apr 15 2018 16:32:42 GMT+0600 (+06): GET /maintaince
Sun Apr 15 2018 16:32:46 GMT+0600 (+06): GET /
Sun Apr 15 2018 16:33:21 GMT+0600 (+06): GET /
Sun Apr 15 2018 16:33:25 GMT+0600 (+06): GET /about
Sun Apr 15 2018 16:35:32 GMT+0600 (+06): GET /help
Sun Apr 15 2018 16:35:34 GMT+0600 (+06): GET /help
Sun Apr 15 2018 16:35:35 GMT+0600 (+06): GET /help
Sun Apr 15 2018 16:36:12 GMT+0600 (+06): GET /help.html
Sun Apr 15 2018 16:41:40 GMT+0600 (+06): GET /about
Sun Apr 15 2018 16:41:44 GMT+0600 (+06): GET /maintaince
Sun Apr 15 2018 16:41:48 GMT+0600 (+06): GET /
Sun Apr 15 2018 16:41:51 GMT+0600 (+06): GET /about
Sun Apr 15 2018 16:41:53 GMT+0600 (+06): GET /
